[17964:5900:0201/224027.602:WARNING:chrome_command_line_pref_store.cc(123)] Additional command-line proxy switches specified when --no-proxy-server was also specified.
[17964:5900:0201/224027.613:WARNING:chrome_command_line_pref_store.cc(123)] Additional command-line proxy switches specified when --no-proxy-server was also specified.
[17964:5900:0201/224027.668:WARNING:chrome_command_line_pref_store.cc(123)] Additional command-line proxy switches specified when --no-proxy-server was also specified.
[17964:5900:0201/224028.703:INFO:CONSOLE(1706)] "INIT    === Start of processExistingTabs.  refresh: false", source: chrome-extension://nmcifbbkldfdfmmknngcgbegopmjhjfm/BS.js (1706)
[17964:5900:0201/224028.703:INFO:CONSOLE(1706)] "INIT    === Start of processExistingTabs.  refresh: true", source: chrome-extension://nmcifbbkldfdfmmknngcgbegopmjhjfm/BS.js (1706)
[17964:5900:0201/224028.714:INFO:CONSOLE(1708)] "INIT    === chrome.tabs.query result.  tabs.length: 1", source: chrome-extension://nmcifbbkldfdfmmknngcgbegopmjhjfm/BS.js (1708)
[17964:5900:0201/224028.714:INFO:CONSOLE(1714)] "INIT    === Got pre-exiting tab.  i:  0, tabId: 2, url: file:///C:/Users/SAURAB~1.KUM/AppData/Local/Temp/ProvarChromeIde4491903415541135294/provarPort=52923&idePort=53207&sessionId=4&subSessionId=2&connectionName=SF_Training:SF_Training&devMode=false&showEnhancedXpathEditor=true&dmwAttempt=0&dmwCloseTimeInSec=2000&useTargetXpaths=false.html, existingTab: undefined", source: chrome-extension://nmcifbbkldfdfmmknngcgbegopmjhjfm/BS.js (1714)
[17964:5900:0201/224028.714:INFO:CONSOLE(1722)] "INIT    === Created connectionDetails for new tab", source: chrome-extension://nmcifbbkldfdfmmknngcgbegopmjhjfm/BS.js (1722)
[17964:5900:0201/224028.714:INFO:CONSOLE(1726)] "INIT    === Set focused tab.  focusedTabId: 2", source: chrome-extension://nmcifbbkldfdfmmknngcgbegopmjhjfm/BS.js (1726)
[17964:5900:0201/224028.714:INFO:CONSOLE(1708)] "INIT    === chrome.tabs.query result.  tabs.length: 1", source: chrome-extension://nmcifbbkldfdfmmknngcgbegopmjhjfm/BS.js (1708)
[17964:5900:0201/224028.714:INFO:CONSOLE(1714)] "INIT    === Got pre-exiting tab.  i:  0, tabId: 2, url: file:///C:/Users/SAURAB~1.KUM/AppData/Local/Temp/ProvarChromeIde4491903415541135294/provarPort=52923&idePort=53207&sessionId=4&subSessionId=2&connectionName=SF_Training:SF_Training&devMode=false&showEnhancedXpathEditor=true&dmwAttempt=0&dmwCloseTimeInSec=2000&useTargetXpaths=false.html, existingTab: [object Object]", source: chrome-extension://nmcifbbkldfdfmmknngcgbegopmjhjfm/BS.js (1714)
[17964:5900:0201/224028.739:INFO:CONSOLE(1211)] "Sending request to Provar to get strategies", source: chrome-extension://nmcifbbkldfdfmmknngcgbegopmjhjfm/BS.js (1211)
[17964:5900:0201/224028.751:INFO:CONSOLE(6772)] "crbug/1173575, non-JS module files deprecated.", source: chrome-error://chromewebdata/ (6772)
[17964:5900:0201/224028.758:INFO:CONSOLE(2308)] "dispatchMessage - resolving response:  [object Object]", source: chrome-extension://nmcifbbkldfdfmmknngcgbegopmjhjfm/BS.js (2308)
[17964:15076:0201/224030.047:ERROR:chrome_browser_main_extra_parts_metrics.cc(227)] START: ReportBluetoothAvailability(). If you don't see the END: message, this is crbug.com/1216328.
[17964:5900:0201/224030.054:ERROR:device_event_log_impl.cc(214)] [22:40:30.053] USB: usb_device_handle_win.cc:1050 Failed to read descriptor from node connection: A device attached to the system is not functioning. (0x1F)
[17964:15076:0201/224030.055:ERROR:chrome_browser_main_extra_parts_metrics.cc(230)] END: ReportBluetoothAvailability()
[17964:15076:0201/224030.055:ERROR:chrome_browser_main_extra_parts_metrics.cc(235)] START: GetDefaultBrowser(). If you don't see the END: message, this is crbug.com/1216328.
[17964:5900:0201/224030.056:ERROR:device_event_log_impl.cc(214)] [22:40:30.056] USB: usb_device_handle_win.cc:1050 Failed to read descriptor from node connection: A device attached to the system is not functioning. (0x1F)
[17964:15076:0201/224030.086:ERROR:chrome_browser_main_extra_parts_metrics.cc(239)] END: GetDefaultBrowser()
[17964:5900:0201/224032.104:INFO:CONSOLE(1)] "Failed to retrive resource /wbin/www-core/f/g", source: https://www.salesforce.com/etc.bundles/sfdc-www/bundles/webpack-script-manifest-commonlyUsed-js.bundle.8483f2d0e23c6bc829cc.js (1)
[17964:5900:0201/224033.575:INFO:CONSOLE(1)] "console.groupEnd", source: https://s.vmvovm.com/2/2.46.0/main.js (1)
[17964:5900:0201/224033.575:INFO:CONSOLE(1)] "console.groupEnd", source: https://s.vmvovm.com/2/2.46.0/main.js (1)
[17964:5900:0201/224033.575:INFO:CONSOLE(1)] "console.groupEnd", source: https://s.vmvovm.com/2/2.46.0/main.js (1)
[17964:5900:0201/224033.575:INFO:CONSOLE(1)] "console.groupEnd", source: https://s.vmvovm.com/2/2.46.0/main.js (1)
[17964:5900:0201/224033.575:INFO:CONSOLE(1)] "console.groupEnd", source: https://s.vmvovm.com/2/2.46.0/main.js (1)
[17964:5900:0201/224033.575:INFO:CONSOLE(1)] "console.groupEnd", source: https://s.vmvovm.com/2/2.46.0/main.js (1)
[17964:5900:0201/224033.575:INFO:CONSOLE(1)] "console.groupEnd", source: https://s.vmvovm.com/2/2.46.0/main.js (1)
[17964:5900:0201/224033.575:INFO:CONSOLE(1)] "console.groupEnd", source: https://s.vmvovm.com/2/2.46.0/main.js (1)
[17964:5900:0201/224033.575:INFO:CONSOLE(1)] "console.groupEnd", source: https://s.vmvovm.com/2/2.46.0/main.js (1)
[17964:5900:0201/224033.575:INFO:CONSOLE(1)] "console.groupEnd", source: https://s.vmvovm.com/2/2.46.0/main.js (1)
[17964:5900:0201/224033.575:INFO:CONSOLE(1)] "console.groupEnd", source: https://s.vmvovm.com/2/2.46.0/main.js (1)
[17964:5900:0201/224033.575:INFO:CONSOLE(1)] "console.groupEnd", source: https://s.vmvovm.com/2/2.46.0/main.js (1)
[17964:5900:0201/224033.579:INFO:CONSOLE(1)] "console.groupEnd", source: https://s.vmvovm.com/2/2.46.0/main.js (1)
[17964:5900:0201/224033.579:INFO:CONSOLE(1)] "console.groupEnd", source: https://s.vmvovm.com/2/2.46.0/main.js (1)
[17964:5900:0201/224033.579:INFO:CONSOLE(1)] "console.groupEnd", source: https://s.vmvovm.com/2/2.46.0/main.js (1)
[17964:5900:0201/224033.579:INFO:CONSOLE(1)] "console.groupEnd", source: https://s.vmvovm.com/2/2.46.0/main.js (1)
[17964:5900:0201/224033.579:INFO:CONSOLE(1)] "console.groupEnd", source: https://s.vmvovm.com/2/2.46.0/main.js (1)
[17964:5900:0201/224033.579:INFO:CONSOLE(1)] "console.groupEnd", source: https://s.vmvovm.com/2/2.46.0/main.js (1)
[17964:5900:0201/224033.579:INFO:CONSOLE(1)] "console.groupEnd", source: https://s.vmvovm.com/2/2.46.0/main.js (1)
[17964:5900:0201/224033.579:INFO:CONSOLE(1)] "console.groupEnd", source: https://s.vmvovm.com/2/2.46.0/main.js (1)
[17964:5900:0201/224033.579:INFO:CONSOLE(1)] "console.groupEnd", source: https://s.vmvovm.com/2/2.46.0/main.js (1)
[17964:5900:0201/224033.579:INFO:CONSOLE(1)] "console.groupEnd", source: https://s.vmvovm.com/2/2.46.0/main.js (1)
[17964:5900:0201/224033.582:INFO:CONSOLE(1)] "console.groupEnd", source: https://s.vmvovm.com/2/2.46.0/main.js (1)
[17964:5900:0201/224033.710:INFO:CONSOLE(1706)] "INIT    === Start of processExistingTabs.  refresh: true", source: chrome-extension://nmcifbbkldfdfmmknngcgbegopmjhjfm/BS.js (1706)
[17964:5900:0201/224033.711:INFO:CONSOLE(1708)] "INIT    === chrome.tabs.query result.  tabs.length: 1", source: chrome-extension://nmcifbbkldfdfmmknngcgbegopmjhjfm/BS.js (1708)
[17964:5900:0201/224033.711:INFO:CONSOLE(1714)] "INIT    === Got pre-exiting tab.  i:  0, tabId: 2, url: https://test.salesforce.com/, existingTab: [object Object]", source: chrome-extension://nmcifbbkldfdfmmknngcgbegopmjhjfm/BS.js (1714)
[17964:5900:0201/224042.394:INFO:CONSOLE(250)] "publisher core wiring started", source: https://provar-trial-org--training.my.salesforce.com/jslibrary/1624499168234/sfdc/Chatter.js (250)
[17964:5900:0201/224042.411:INFO:CONSOLE(250)] "publisher core wiring finished in 17ms", source: https://provar-trial-org--training.my.salesforce.com/jslibrary/1624499168234/sfdc/Chatter.js (250)
[17964:5900:0201/224042.667:INFO:CONSOLE(250)] "CEB EVENT! ns<chatter:publisher> en<onAfterFeedLoad> pld<[object Object]> exec-time<0>", source: https://provar-trial-org--training.my.salesforce.com/jslibrary/1624499168234/sfdc/Chatter.js (250)
[17964:5900:0201/224050.955:INFO:CONSOLE(1)] "Failed to retrive resource /wbin/www-core/f/g", source: https://www.salesforce.com/etc.bundles/sfdc-www/bundles/webpack-script-manifest-commonlyUsed-js.bundle.8483f2d0e23c6bc829cc.js (1)
[17964:5900:0201/224052.113:INFO:CONSOLE(1)] "console.groupEnd", source: https://s.vmvovm.com/2/2.46.0/main.js (1)
[17964:5900:0201/224052.113:INFO:CONSOLE(1)] "console.groupEnd", source: https://s.vmvovm.com/2/2.46.0/main.js (1)
[17964:5900:0201/224052.113:INFO:CONSOLE(1)] "console.groupEnd", source: https://s.vmvovm.com/2/2.46.0/main.js (1)
[17964:5900:0201/224052.113:INFO:CONSOLE(1)] "console.groupEnd", source: https://s.vmvovm.com/2/2.46.0/main.js (1)
[17964:5900:0201/224052.113:INFO:CONSOLE(1)] "console.groupEnd", source: https://s.vmvovm.com/2/2.46.0/main.js (1)
[17964:5900:0201/224052.113:INFO:CONSOLE(1)] "console.groupEnd", source: https://s.vmvovm.com/2/2.46.0/main.js (1)
[17964:5900:0201/224052.114:INFO:CONSOLE(1)] "console.groupEnd", source: https://s.vmvovm.com/2/2.46.0/main.js (1)
[17964:5900:0201/224052.114:INFO:CONSOLE(1)] "console.groupEnd", source: https://s.vmvovm.com/2/2.46.0/main.js (1)
[17964:5900:0201/224052.114:INFO:CONSOLE(1)] "console.groupEnd", source: https://s.vmvovm.com/2/2.46.0/main.js (1)
[17964:5900:0201/224052.114:INFO:CONSOLE(1)] "console.groupEnd", source: https://s.vmvovm.com/2/2.46.0/main.js (1)
[17964:5900:0201/224052.114:INFO:CONSOLE(1)] "console.groupEnd", source: https://s.vmvovm.com/2/2.46.0/main.js (1)
[17964:5900:0201/224052.114:INFO:CONSOLE(1)] "console.groupEnd", source: https://s.vmvovm.com/2/2.46.0/main.js (1)
[17964:5900:0201/224052.114:INFO:CONSOLE(1)] "console.groupEnd", source: https://s.vmvovm.com/2/2.46.0/main.js (1)
[17964:5900:0201/224052.114:INFO:CONSOLE(1)] "console.groupEnd", source: https://s.vmvovm.com/2/2.46.0/main.js (1)
[17964:5900:0201/224052.115:INFO:CONSOLE(1)] "console.groupEnd", source: https://s.vmvovm.com/2/2.46.0/main.js (1)
[17964:5900:0201/224052.115:INFO:CONSOLE(1)] "console.groupEnd", source: https://s.vmvovm.com/2/2.46.0/main.js (1)
[17964:5900:0201/224052.115:INFO:CONSOLE(1)] "console.groupEnd", source: https://s.vmvovm.com/2/2.46.0/main.js (1)
[17964:5900:0201/224052.117:INFO:CONSOLE(1)] "console.groupEnd", source: https://s.vmvovm.com/2/2.46.0/main.js (1)
[17964:5900:0201/224052.117:INFO:CONSOLE(1)] "console.groupEnd", source: https://s.vmvovm.com/2/2.46.0/main.js (1)
[17964:5900:0201/224052.117:INFO:CONSOLE(1)] "console.groupEnd", source: https://s.vmvovm.com/2/2.46.0/main.js (1)
[17964:5900:0201/224052.117:INFO:CONSOLE(1)] "console.groupEnd", source: https://s.vmvovm.com/2/2.46.0/main.js (1)
[17964:5900:0201/224052.117:INFO:CONSOLE(1)] "console.groupEnd", source: https://s.vmvovm.com/2/2.46.0/main.js (1)
[17964:5900:0201/224052.117:INFO:CONSOLE(1)] "console.groupEnd", source: https://s.vmvovm.com/2/2.46.0/main.js (1)
[17964:5900:0201/224052.117:INFO:CONSOLE(1)] "console.groupEnd", source: https://s.vmvovm.com/2/2.46.0/main.js (1)
[17964:5900:0201/224052.118:INFO:CONSOLE(1)] "console.groupEnd", source: https://s.vmvovm.com/2/2.46.0/main.js (1)
[17964:5900:0201/224052.118:INFO:CONSOLE(1)] "console.groupEnd", source: https://s.vmvovm.com/2/2.46.0/main.js (1)
[17964:5900:0201/224052.119:INFO:CONSOLE(1)] "console.groupEnd", source: https://s.vmvovm.com/2/2.46.0/main.js (1)
[17964:5900:0201/224052.119:INFO:CONSOLE(1)] "console.groupEnd", source: https://s.vmvovm.com/2/2.46.0/main.js (1)
[17964:5900:0201/224052.119:INFO:CONSOLE(1)] "console.groupEnd", source: https://s.vmvovm.com/2/2.46.0/main.js (1)
[17964:5900:0201/224052.119:INFO:CONSOLE(1)] "console.groupEnd", source: https://s.vmvovm.com/2/2.46.0/main.js (1)
[17964:5900:0201/224052.119:INFO:CONSOLE(1)] "console.groupEnd", source: https://s.vmvovm.com/2/2.46.0/main.js (1)
[17964:5900:0201/224052.119:INFO:CONSOLE(1)] "console.groupEnd", source: https://s.vmvovm.com/2/2.46.0/main.js (1)
[17964:5900:0201/224052.119:INFO:CONSOLE(1)] "console.groupEnd", source: https://s.vmvovm.com/2/2.46.0/main.js (1)
[17964:5900:0201/224052.119:INFO:CONSOLE(1)] "console.groupEnd", source: https://s.vmvovm.com/2/2.46.0/main.js (1)
[17964:5900:0201/224052.119:INFO:CONSOLE(1)] "console.groupEnd", source: https://s.vmvovm.com/2/2.46.0/main.js (1)
[17964:5900:0201/224052.591:INFO:CONSOLE(1606)] "Tab Closed.  tabId: 2", source: chrome-extension://nmcifbbkldfdfmmknngcgbegopmjhjfm/BS.js (1606)
[17964:5900:0201/224052.678:WARNING:pref_notifier_impl.cc(40)] Pref observer for media_router.cast_allow_all_ips found at shutdown.
