[17192:9228:0128/123754.882:WARNING:chrome_command_line_pref_store.cc(123)] Additional command-line proxy switches specified when --no-proxy-server was also specified.
[17192:9228:0128/123754.885:WARNING:chrome_command_line_pref_store.cc(123)] Additional command-line proxy switches specified when --no-proxy-server was also specified.
[17192:9228:0128/123754.936:WARNING:chrome_command_line_pref_store.cc(123)] Additional command-line proxy switches specified when --no-proxy-server was also specified.
[17192:9228:0128/123755.953:INFO:CONSOLE(1706)] "INIT    === Start of processExistingTabs.  refresh: false", source: chrome-extension://nmcifbbkldfdfmmknngcgbegopmjhjfm/BS.js (1706)
[17192:9228:0128/123755.954:INFO:CONSOLE(1706)] "INIT    === Start of processExistingTabs.  refresh: true", source: chrome-extension://nmcifbbkldfdfmmknngcgbegopmjhjfm/BS.js (1706)
[17192:9228:0128/123755.955:INFO:CONSOLE(1708)] "INIT    === chrome.tabs.query result.  tabs.length: 1", source: chrome-extension://nmcifbbkldfdfmmknngcgbegopmjhjfm/BS.js (1708)
[17192:9228:0128/123755.955:INFO:CONSOLE(1714)] "INIT    === Got pre-exiting tab.  i:  0, tabId: 2, url: file:///C:/Users/SAURAB~1.KUM/AppData/Local/Temp/ProvarChromeIde3228277873034963719/provarPort=50441&idePort=50703&sessionId=3&subSessionId=3&connectionName=Sales_Personal_User:Sales_Personal_User&devMode=false&showEnhancedXpathEditor=true&dmwAttempt=0&dmwCloseTimeInSec=2000&useTargetXpaths=false.html, existingTab: undefined", source: chrome-extension://nmcifbbkldfdfmmknngcgbegopmjhjfm/BS.js (1714)
[17192:9228:0128/123755.955:INFO:CONSOLE(1722)] "INIT    === Created connectionDetails for new tab", source: chrome-extension://nmcifbbkldfdfmmknngcgbegopmjhjfm/BS.js (1722)
[17192:9228:0128/123755.955:INFO:CONSOLE(1726)] "INIT    === Set focused tab.  focusedTabId: 2", source: chrome-extension://nmcifbbkldfdfmmknngcgbegopmjhjfm/BS.js (1726)
[17192:9228:0128/123755.955:INFO:CONSOLE(1708)] "INIT    === chrome.tabs.query result.  tabs.length: 1", source: chrome-extension://nmcifbbkldfdfmmknngcgbegopmjhjfm/BS.js (1708)
[17192:9228:0128/123755.955:INFO:CONSOLE(1714)] "INIT    === Got pre-exiting tab.  i:  0, tabId: 2, url: file:///C:/Users/SAURAB~1.KUM/AppData/Local/Temp/ProvarChromeIde3228277873034963719/provarPort=50441&idePort=50703&sessionId=3&subSessionId=3&connectionName=Sales_Personal_User:Sales_Personal_User&devMode=false&showEnhancedXpathEditor=true&dmwAttempt=0&dmwCloseTimeInSec=2000&useTargetXpaths=false.html, existingTab: [object Object]", source: chrome-extension://nmcifbbkldfdfmmknngcgbegopmjhjfm/BS.js (1714)
[17192:9228:0128/123756.007:INFO:CONSOLE(1211)] "Sending request to Provar to get strategies", source: chrome-extension://nmcifbbkldfdfmmknngcgbegopmjhjfm/BS.js (1211)
[17192:9228:0128/123756.018:INFO:CONSOLE(6772)] "crbug/1173575, non-JS module files deprecated.", source: chrome-error://chromewebdata/ (6772)
[17192:9228:0128/123756.020:INFO:CONSOLE(2308)] "dispatchMessage - resolving response:  [object Object]", source: chrome-extension://nmcifbbkldfdfmmknngcgbegopmjhjfm/BS.js (2308)
[17192:9728:0128/123758.458:ERROR:chrome_browser_main_extra_parts_metrics.cc(227)] START: ReportBluetoothAvailability(). If you don't see the END: message, this is crbug.com/1216328.
[17192:9728:0128/123758.458:ERROR:chrome_browser_main_extra_parts_metrics.cc(230)] END: ReportBluetoothAvailability()
[17192:9728:0128/123758.458:ERROR:chrome_browser_main_extra_parts_metrics.cc(235)] START: GetDefaultBrowser(). If you don't see the END: message, this is crbug.com/1216328.
[17192:9228:0128/123758.459:ERROR:device_event_log_impl.cc(214)] [12:37:58.459] USB: usb_device_handle_win.cc:1050 Failed to read descriptor from node connection: A device attached to the system is not functioning. (0x1F)
[17192:9228:0128/123758.459:ERROR:device_event_log_impl.cc(214)] [12:37:58.460] USB: usb_device_handle_win.cc:1050 Failed to read descriptor from node connection: A device attached to the system is not functioning. (0x1F)
[17192:9728:0128/123758.470:ERROR:chrome_browser_main_extra_parts_metrics.cc(239)] END: GetDefaultBrowser()
[17192:9228:0128/123800.958:INFO:CONSOLE(1706)] "INIT    === Start of processExistingTabs.  refresh: true", source: chrome-extension://nmcifbbkldfdfmmknngcgbegopmjhjfm/BS.js (1706)
[17192:9228:0128/123800.959:INFO:CONSOLE(1708)] "INIT    === chrome.tabs.query result.  tabs.length: 1", source: chrome-extension://nmcifbbkldfdfmmknngcgbegopmjhjfm/BS.js (1708)
[17192:9228:0128/123800.959:INFO:CONSOLE(1714)] "INIT    === Got pre-exiting tab.  i:  0, tabId: 2, url: https://provartesting48-dev-ed.my.salesforce.com/_ui/identity/verification/method/EmailVerificationFinishUi/e?vcsrf=A7FV5upCGlItk-bm4VOy8cZazTg-fjyJiZ5IxtBAhvPrHt_eRDQLCkPbjpiv-2hzPyu83re5H3YVfzUtELT626C3M3zn6nTtT5EJjiS0_Tyfxg8tPyNiCH1feQC6GVCjvvGt27qs3pXQdNcZuppIgwjYRUye5rq8iVKajWbBoFuQh3jLJCmcseX_Ru3fuDvLm1EBSGff052Apd8kusECZXpEZaUU7nu70swWN5TNBQZYBElnFWOP7X83KGqQPYbfc50rMBjOegH21304ZH-9C5KW3yhNrQHatE1QHZoxygQCL9QkK36MY6YRA7tvO_n91DHtohUjkceqEoflXCDXWFoBj6pplpwxascLy4RxgLFOjdy8yer5q56pNuXilLIddWi0NAfdNhL7zUbGdwFxUzEw8L8v9h_DHiRiEgyyYX-UZdwEV5uIzxOW0x9EZkaadPleXxFKX-aQivbiCHsrTm42Q_XrVyXBIUIwaAPI2tePU516Z76FSq0CaewbeoFbNtHSkHd235sPonTXf2iAAiFi_8YVLUXNVA79Fr10tdkUhKet-XojSwh6U6nz5O7s5mO6_JhFUNGRIm6ZT0FN8zQg8g_shtZ0W8yeog40ar67rY4L8zXIgtr1crhiJiGfuusYzTX2GxsrpwrraWmUGHfZcorGNk9D-AeXFoluz9o%3D&vpol=ic&vflid=0&vfgrp=1070746928&retURL=%2Fsecur%2Ffrontdoor.jsp%3Fallp%3D1%26retURL%3D%252Fservlet%252Fservlet.su%253Foid%253D00D5g00000A4DW6EAN%2526suorgadminid%253D0055g00000E1xGGAAZ%2526targetURL%253D%25252Fone%25252Fone.app%2526retURL%253D%252Fone%252Fone.app%26cshc%3Dg00000BRVXcg00000A4DW6%26apv%3D1%26ucs%3D1, existingTab: [object Object]", source: chrome-extension://nmcifbbkldfdfmmknngcgbegopmjhjfm/BS.js (1714)
[17192:9228:0128/123803.433:ERROR:device_event_log_impl.cc(214)] [12:38:03.433] USB: usb_service_win.cc:261 Failed to get device driver name: Element not found. (0x490)
[17192:9228:0128/131623.019:WARNING:pref_notifier_impl.cc(40)] Pref observer for media_router.cast_allow_all_ips found at shutdown.
